<?xml version="1.0" encoding="UTF-8"?>
<!-- Generated by org.testng.reporters.JUnitReportReporter -->
<testsuite skipped="0" hostname="Gayathri" name="com.k2js.TestNGLearning.testscripts.NTRunner" tests="2" failures="0" timestamp="2019-11-16T18:18:33 IST" time="0.030" errors="0">
  <testcase name="verifyHomePageTitle" time="0.015" classname="com.k2js.TestNGLearning.testscripts.NTRunner"/>
  <testcase name="verifyHomePageTitle" time="0.015" classname="com.k2js.TestNGLearning.testscripts.NTRunner"/>
</testsuite> <!-- com.k2js.TestNGLearning.testscripts.NTRunner -->
