<?xml version="1.0" encoding="UTF-8"?>
<!-- Generated by org.testng.reporters.JUnitReportReporter -->
<testsuite skipped="0" hostname="Gayathri" name="com.k2js.JenkinsBasics.HelloWorldProgramForTest" tests="1" failures="0" timestamp="26 Oct 2019 14:02:29 GMT" time="0.016" errors="0">
  <testcase name="f" time="0.016" classname="com.k2js.JenkinsBasics.HelloWorldProgramForTest"/>
</testsuite> <!-- com.k2js.JenkinsBasics.HelloWorldProgramForTest -->
