<?xml version="1.0" encoding="UTF-8"?>
<!-- Generated by org.testng.reporters.JUnitReportReporter -->
<testsuite skipped="0" hostname="Gayathri" name="com.rk.apsrtcframework.testscripts.ApsrtcRunner" tests="1" failures="0" timestamp="15 Nov 2019 18:21:19 GMT" time="10.636" errors="0">
  <testcase name="bookingTickets" time="10.636" classname="com.rk.apsrtcframework.testscripts.ApsrtcRunner"/>
</testsuite> <!-- com.rk.apsrtcframework.testscripts.ApsrtcRunner -->
