<?xml version="1.0" encoding="UTF-8"?>
<!-- Generated by org.testng.reporters.JUnitReportReporter -->
<testsuite skipped="0" hostname="Gayathri" name="com.k2js.TestNGFrameWork.SampeTestNGClass" tests="1" failures="0" timestamp="04 Nov 2019 06:42:39 GMT" time="0.020" errors="0">
  <testcase name="verifyHomePageTtitle" time="0.020" classname="com.k2js.TestNGFrameWork.SampeTestNGClass"/>
</testsuite> <!-- com.k2js.TestNGFrameWork.SampeTestNGClass -->
